[ARENA] Bots: codex_bot, command_bot, command_bot2, duo_noodle_bot, mini5bot, task_based_bot
[ARENA] Focus map: small_wall.txt
[ARENA] Maps: gaston.txt, map1.txt, map2.txt, map2COUNTERS.txt, oc_01.txt, oc_02.txt, oc_03.txt, oc_04.txt, oc_05.txt, oc_06.txt, oc_07.txt, oc_08.txt, oc_09.txt, oc_10.txt, small_wall.txt, throughput.txt
[MATCH] map=small_wall.txt winner=command_bot loser=codex_bot red=codex_bot blue=command_bot outcome=WIN red_money=-996 blue_money=-956 reason=score
[MATCH] map=small_wall.txt winner=NONE loser=NONE red=codex_bot blue=command_bot2 outcome=DRAW red_money=-996 blue_money=-996 reason=draw
[MATCH] map=small_wall.txt winner=codex_bot loser=duo_noodle_bot red=codex_bot blue=duo_noodle_bot outcome=WIN red_money=166 blue_money=88 reason=blue_crash
[MATCH] map=small_wall.txt winner=codex_bot loser=mini5bot red=codex_bot blue=mini5bot outcome=WIN red_money=152 blue_money=152 reason=blue_crash
[MATCH] map=small_wall.txt winner=codex_bot loser=task_based_bot red=codex_bot blue=task_based_bot outcome=WIN red_money=151 blue_money=151 reason=blue_crash
[MATCH] map=small_wall.txt winner=command_bot loser=command_bot2 red=command_bot blue=command_bot2 outcome=WIN red_money=-956 blue_money=-996 reason=score
[MATCH] map=small_wall.txt winner=command_bot loser=duo_noodle_bot red=command_bot blue=duo_noodle_bot outcome=WIN red_money=166 blue_money=88 reason=blue_crash
[MATCH] map=small_wall.txt winner=command_bot loser=mini5bot red=command_bot blue=mini5bot outcome=WIN red_money=152 blue_money=152 reason=blue_crash
[MATCH] map=small_wall.txt winner=command_bot loser=task_based_bot red=command_bot blue=task_based_bot outcome=WIN red_money=151 blue_money=151 reason=blue_crash
[MATCH] map=small_wall.txt winner=command_bot2 loser=duo_noodle_bot red=command_bot2 blue=duo_noodle_bot outcome=WIN red_money=166 blue_money=88 reason=blue_crash
[MATCH] map=small_wall.txt winner=command_bot2 loser=mini5bot red=command_bot2 blue=mini5bot outcome=WIN red_money=152 blue_money=152 reason=blue_crash
[MATCH] map=small_wall.txt winner=command_bot2 loser=task_based_bot red=command_bot2 blue=task_based_bot outcome=WIN red_money=151 blue_money=151 reason=blue_crash
[MATCH] map=small_wall.txt winner=duo_noodle_bot loser=mini5bot red=duo_noodle_bot blue=mini5bot outcome=WIN red_money=152 blue_money=152 reason=blue_crash
[MATCH] map=small_wall.txt winner=duo_noodle_bot loser=task_based_bot red=duo_noodle_bot blue=task_based_bot outcome=WIN red_money=151 blue_money=151 reason=blue_crash
[MATCH] map=small_wall.txt winner=mini5bot loser=task_based_bot red=mini5bot blue=task_based_bot outcome=WIN red_money=151 blue_money=151 reason=blue_crash
[LEADERBOARD]
1. command_bot wins=5 losses=0 draws=0 games=5 win_rate=1.000
2. codex_bot wins=3 losses=1 draws=1 games=5 win_rate=0.600
3. command_bot2 wins=3 losses=1 draws=1 games=5 win_rate=0.600
4. duo_noodle_bot wins=2 losses=3 draws=0 games=5 win_rate=0.400
5. mini5bot wins=1 losses=4 draws=0 games=5 win_rate=0.200
6. task_based_bot wins=0 losses=5 draws=0 games=5 win_rate=0.000
